* using log directory ‘/home/mk/Github/sws_r_api/faoswsFlag/faoswsFlag.Rcheck’
* using R version 3.1.1 (2014-07-10)
* using platform: x86_64-pc-linux-gnu (64-bit)
* using session charset: UTF-8
* checking for file ‘faoswsFlag/DESCRIPTION’ ... OK
* checking extension type ... Package
* this is package ‘faoswsFlag’ version ‘1.0’
* checking CRAN incoming feasibility ... NOTE
Maintainer: ‘Michael C. J. Kao <michael.kao@fao.org>’
New submission
Package has a VignetteBuilder field but no prebuilt vignette index.
* checking package namespace information ... OK
* checking package dependencies ... OK
* checking if this is a source package ... OK
* checking if there is a namespace ... OK
* checking for executable files ... OK
* checking for hidden files and directories ... OK
* checking for portable file names ... OK
* checking for sufficient/correct file permissions ... OK
* checking whether package ‘faoswsFlag’ can be installed ... OK
* checking installed package size ... OK
* checking package directory ... OK
* checking DESCRIPTION meta-information ... NOTE
Author field differs from that derived from Authors@R
  Author:    ‘Michael C. J. Kao <michael.kao@fao.org>’
  Authors@R: ‘Micheal. C. J. Kao [aut, cre]’

Maintainer field differs from that derived from Authors@R
  Maintainer: ‘Michael C. J. Kao <michael.kao@fao.org>’
  Authors@R:  ‘Micheal. C. J. Kao <michael.kao@fao.org>’

* checking top-level files ... OK
* checking for left-over files ... OK
* checking index information ... OK
* checking package subdirectories ... OK
* checking R files for non-ASCII characters ... OK
* checking R files for syntax errors ... OK
* checking whether the package can be loaded ... OK
* checking whether the package can be loaded with stated dependencies ... OK
* checking whether the package can be unloaded cleanly ... OK
* checking whether the namespace can be loaded with stated dependencies ... OK
* checking whether the namespace can be unloaded cleanly ... OK
* checking loading without being on the library search path ... OK
* checking dependencies in R code ... OK
* checking S3 generic/method consistency ... OK
* checking replacement functions ... OK
* checking foreign function calls ... OK
* checking R code for possible problems ... OK
* checking Rd files ... OK
* checking Rd metadata ... OK
* checking Rd line widths ... OK
* checking Rd cross-references ... OK
* checking for missing documentation entries ... OK
* checking for code/documentation mismatches ... OK
* checking Rd \usage sections ... OK
* checking Rd contents ... OK
* checking for unstated dependencies in examples ... OK
* checking contents of ‘data’ directory ... OK
* checking data for non-ASCII characters ... OK
* checking data for ASCII and uncompressed saves ... OK
* checking files in ‘vignettes’ ... OK
* checking examples ... NONE
* checking for unstated dependencies in vignettes ... OK
* checking package vignettes in ‘inst/doc’ ... WARNING
Package vignette without corresponding PDF/HTML:
   ‘faoswsFlag.Rnw’

* checking running R code from vignettes ... WARNING
Errors in running code in vignettes:
when running code in ‘faoswsFlag.Rnw’
  ...

> library(faoswsFlag)

> library(ggplot2)
Error in loadNamespace(j <- i[[1L]], c(lib.loc, .libPaths()), versionCheck = vI[[j]]) : 
  there is no package called ‘MASS’

  When sourcing ‘faoswsFlag.R’:
Error: package or namespace load failed for ‘ggplot2’
Execution halted

* checking re-building of vignette outputs ... OK
* checking PDF version of manual ... OK
WARNING: There were 2 warnings.
NOTE: There were 2 notes.
